{"logTime": "0402/060301", "correlationVector":"oC3EAldcHl6rlimpPs0zy8.1","action":"SyncServerConnectionManagerRequest", "result":"SYNC_SERVER_OK", "context":{"environment":"Prod_eastus2_prod-s01-050-nam-eastus2", "migrationStage":"NotStarted", "server":"akswtt00600004b"}}
{"logTime": "0402/060301", "correlationVector":"oC3EAldcHl6rlimpPs0zy8.2","action":"ProcessGetUpdates", "result":"Done", "context":{"dataType":"Encryption Keys", "deleted":"0", "process_failed_to_decrypt":"0", "process_pending_decryption":"0", "process_success":"1", "total":"1"}}
{"logTime": "0402/060302", "correlationVector":"6a1mQ7cSEfHzg7FEm5gfDK","action":"SyncServerConnectionManagerRequest", "result":"SYNC_SERVER_OK", "context":{"environment":"", "migrationStage":"", "server":""}}
{"logTime": "0402/060302", "correlationVector":"6a1mQ7cSEfHzg7FEm5gfDK.0","action":"EncryptionKeysFetcher.DownloadKeys:", "result":"Success", "context":Key count: 10, Last key timestamp: 2024-12-22T16:36:25Z}
{"logTime": "0402/060302", "correlationVector":"6a1mQ7cSEfHzg7FEm5gfDK.1","action":"EncryptionKeysManager::SetEncryptionKeys:", "result":"Success", "context":Key names[10]:[9oAfYLrA16bfQFgL5biMESUVassqAm9qjY9PmzUCc2Lf7cuqa7ojlV93NKos+bc02Nd4Rin9QnaIQuoJprjX8Q==][1xctzJ8S9+UGNDSHkZQuFZCfMJhIJ2aNjQV0ffWbYarhOLOwxe+jiF3eXmGWuoBleEvJf4rRdz5Sp9TLKcs5Ew==][ahmZ83MANjNYoUuhSYrOtn1AHrZEVl0OFYAZz/8TYLK8vTF2mloFLXMl019W7pRoD/SteGHL3rDLw34M4vl78Q==][5MLaLLIQBKYq2mvERvNG502GQUI5+4jfZ0wcy3aLcrboTRSlszfEcz6UxkuR6JFOK5pCLgQ+LABlWPvFKIWuSA==][TSBX2sWU0XTed3EJaDw5rNyrNAq1p6JVsGHQZtxZrlvpXNnyBeTXt5e68ra+YrNfvd5hBH7blzXdwKbbf9fVvA==][eNSaXjzk0Cbf+83wSyi4npywAoQlwtSk0NwMG+LEQfeSsBpLjYNWB0UsCektjja64tVb/qbtTZF7Ftq7RbGOpg==][JerbReugnL5ScfqL0mDFi1WTZRFUbB9lqdrSICtxjFXbOlazmFjzUXGIG921kQ1mbbd4bertm+gNZhU/iAqeEg==][imeiJ6mfKopmTT5b3ohrzlB/OBGzRFx+IRhMnOeFfzSHhrtBGWTsdyKv+VtTcyFkuxrFduYCK1veO9Y0vncT5g==][1exzR1pnK6q4UgFqkFgf82D4YsBVo8yfQg2PN3QjvsGutfbZ5owFr7q6DeB0cYfYkLNlYrXevytK85wtPEpzEw==][3kqk9aOG53n3iwS98hBh+atTTz59k02Uqe+ahy80ioFRqp2OnOrcTYS4cENdEwHElRY8uSsSGhdGtd+8F/kzEw==]}
{"logTime": "0402/060302", "correlationVector":"6a1mQ7cSEfHzg7FEm5gfDK.2","action":"EncryptionKeysManager::SetEncryptionKeysWithTimestamps:", "result":"Success", "context":Key timestamps[10]:[2022-11-20T12:36:14Z][2022-12-25T23:32:59Z][2023-01-04T01:35:05Z][2023-07-07T23:09:30Z][2023-11-16T20:42:47Z][2024-01-10T15:36:46Z][2024-01-16T01:55:37Z][2024-01-22T02:42:43Z][2024-06-16T01:26:51Z][2024-12-22T16:36:25Z]}
{"logTime": "0402/060302", "correlationVector":"oC3EAldcHl6rlimpPs0zy8","action":"Initial GetUpdates", "result":"", "context":Reason: NEW_CLIENT. cV=oC3EAldcHl6rlimpPs0zy8}
{"logTime": "0402/060302", "correlationVector":"oC3EAldcHl6rlimpPs0zy8.3","action":"GetUpdates Response", "result":"Success", "context":Received 1 update(s). cV=oC3EAldcHl6rlimpPs0zy8.0;server=akswtt00600004b;cloudType=Consumer;environment=Prod_eastus2_prod-s01-050-nam-eastus2;migrationStage=NotStarted}
{"logTime": "0402/060302", "correlationVector":"vaiKbS0gONQo/CkgjTtCzx","action":"Initial GetUpdates", "result":"", "context":Reason: NEWLY_SUPPORTED_DATATYPE. cV=vaiKbS0gONQo/CkgjTtCzx}
{"logTime": "0402/060302", "correlationVector":"vaiKbS0gONQo/CkgjTtCzx.1","action":"SyncServerConnectionManagerRequest", "result":"SYNC_SERVER_OK", "context":{"environment":"Prod_eastus2_prod-s01-050-nam-eastus2", "migrationStage":"NotStarted", "server":"akswtt00600004k"}}
{"logTime": "0402/060302", "correlationVector":"vaiKbS0gONQo/CkgjTtCzx.2","action":"ProcessGetUpdates", "result":"Done", "context":{"dataType":"Preferences", "deleted":"0", "process_failed_to_decrypt":"0", "process_pending_decryption":"0", "process_success":"65", "total":"65"}}
{"logTime": "0402/060302", "correlationVector":"vaiKbS0gONQo/CkgjTtCzx.3","action":"ProcessGetUpdates", "result":"Done", "context":{"dataType":"Passwords", "deleted":"0", "process_failed_to_decrypt":"0", "process_pending_decryption":"0", "process_success":"23", "total":"23"}}
{"logTime": "0402/060302", "correlationVector":"vaiKbS0gONQo/CkgjTtCzx.4","action":"ProcessGetUpdates", "result":"Done", "context":{"dataType":"Device Info", "deleted":"0", "process_failed_to_decrypt":"0", "process_pending_decryption":"0", "process_success":"28", "total":"28"}}
{"logTime": "0402/060302", "correlationVector":"vaiKbS0gONQo/CkgjTtCzx.5","action":"GetUpdates Response", "result":"Success", "context":Received 116 update(s). cV=vaiKbS0gONQo/CkgjTtCzx.0;server=akswtt00600004k;cloudType=Consumer;environment=Prod_eastus2_prod-s01-050-nam-eastus2;migrationStage=NotStarted}
{"logTime": "0402/060302", "correlationVector":"yJgPNTT2TD26jRYTsp8EUc","action":"Initial GetUpdates", "result":"", "context":Reason: NEWLY_SUPPORTED_DATATYPE. cV=yJgPNTT2TD26jRYTsp8EUc}
{"logTime": "0402/060303", "correlationVector":"yJgPNTT2TD26jRYTsp8EUc.1","action":"SyncServerConnectionManagerRequest", "result":"SYNC_SERVER_OK", "context":{"environment":"Prod_eastus2_prod-s01-050-nam-eastus2", "migrationStage":"NotStarted", "server":"akswtt00600001c"}}
{"logTime": "0402/060303", "correlationVector":"yJgPNTT2TD26jRYTsp8EUc.2","action":"ProcessGetUpdates", "result":"Done", "context":{"dataType":"Bookmarks", "deleted":"0", "process_failed_to_decrypt":"0", "process_pending_decryption":"0", "process_success":"7", "total":"7"}}
{"logTime": "0402/060303", "correlationVector":"yJgPNTT2TD26jRYTsp8EUc.3","action":"GetUpdates Response", "result":"Success", "context":Received 7 update(s). cV=yJgPNTT2TD26jRYTsp8EUc.0;server=akswtt00600001c;cloudType=Consumer;environment=Prod_eastus2_prod-s01-050-nam-eastus2;migrationStage=NotStarted}
{"logTime": "0402/060303", "correlationVector":"eDFLFMaUliyKoRyLWwyaYY","action":"Initial GetUpdates", "result":"", "context":Reason: NEWLY_SUPPORTED_DATATYPE. cV=eDFLFMaUliyKoRyLWwyaYY}
{"logTime": "0402/060303", "correlationVector":"eDFLFMaUliyKoRyLWwyaYY.1","action":"SyncServerConnectionManagerRequest", "result":"SYNC_SERVER_OK", "context":{"environment":"Prod_eastus2_prod-s01-050-nam-eastus2", "migrationStage":"NotStarted", "server":"akswtt00600002u"}}
{"logTime": "0402/060303", "correlationVector":"eDFLFMaUliyKoRyLWwyaYY.2","action":"ProcessGetUpdates", "result":"Done", "context":{"dataType":"Autofill Profiles", "deleted":"0", "process_failed_to_decrypt":"0", "process_pending_decryption":"0", "process_success":"8", "total":"8"}}
{"logTime": "0402/060303", "correlationVector":"eDFLFMaUliyKoRyLWwyaYY.3","action":"ProcessGetUpdates", "result":"Done", "context":{"dataType":"Autofill", "deleted":"0", "process_failed_to_decrypt":"0", "process_pending_decryption":"0", "process_success":"37", "total":"37"}}
{"logTime": "0402/060303", "correlationVector":"eDFLFMaUliyKoRyLWwyaYY.4","action":"ProcessGetUpdates", "result":"Done", "context":{"dataType":"Sessions", "deleted":"42", "process_failed_to_decrypt":"0", "process_pending_decryption":"0", "process_success":"62", "total":"62"}}
{"logTime": "0402/060303", "correlationVector":"eDFLFMaUliyKoRyLWwyaYY.5","action":"ProcessGetUpdates", "result":"Done", "context":{"dataType":"Edge Hub App Usage", "deleted":"1", "process_failed_to_decrypt":"0", "process_pending_decryption":"0", "process_success":"8", "total":"8"}}
{"logTime": "0402/060303", "correlationVector":"eDFLFMaUliyKoRyLWwyaYY.6","action":"GetUpdates Response", "result":"Success", "context":Received 115 update(s). cV=eDFLFMaUliyKoRyLWwyaYY.0;server=akswtt00600002u;cloudType=Consumer;environment=Prod_eastus2_prod-s01-050-nam-eastus2;migrationStage=NotStarted}
{"logTime": "0402/060303", "correlationVector":"N0tb2rabkImTwE9jAx1xdE","action":"Initial GetUpdates", "result":"", "context":Reason: NEWLY_SUPPORTED_DATATYPE. cV=N0tb2rabkImTwE9jAx1xdE}
{"logTime": "0402/060303", "correlationVector":"N0tb2rabkImTwE9jAx1xdE.1","action":"SyncServerConnectionManagerRequest", "result":"SYNC_SERVER_OK", "context":{"environment":"Prod_eastus2_prod-s01-050-nam-eastus2", "migrationStage":"NotStarted", "server":"akswtt00600002f"}}
{"logTime": "0402/060303", "correlationVector":"N0tb2rabkImTwE9jAx1xdE.2","action":"ProcessGetUpdates", "result":"Done", "context":{"dataType":"History", "deleted":"0", "process_failed_to_decrypt":"0", "process_pending_decryption":"0", "process_success":"167", "total":"167"}}
{"logTime": "0402/060303", "correlationVector":"N0tb2rabkImTwE9jAx1xdE.3","action":"GetUpdates Response", "result":"Success", "context":Received 167 update(s). cV=N0tb2rabkImTwE9jAx1xdE.0;server=akswtt00600002f;cloudType=Consumer;environment=Prod_eastus2_prod-s01-050-nam-eastus2;migrationStage=NotStarted}
{"logTime": "0402/060303", "correlationVector":"3jiNJmZUsfp9ruTruyxLbh","action":"Normal GetUpdate request", "result":"", "context":cV=3jiNJmZUsfp9ruTruyxLbh
Nudged types: Sessions, Device Info, User Consents
Refresh requested types: Bookmarks, Preferences, Passwords, Autofill Profiles, Autofill, Extensions, Sessions, Extension settings, History Delete Directives, Device Info, User Consents, Send Tab To Self, Web Apps, History, Collection, Edge E Drop, Edge Hub App Usage, Edge Tab Group, Edge Wallet, Encryption Keys}
{"logTime": "0402/060304", "correlationVector":"3jiNJmZUsfp9ruTruyxLbh.1","action":"SyncServerConnectionManagerRequest", "result":"SYNC_SERVER_OK", "context":{"environment":"Prod_eastus2_prod-s01-050-nam-eastus2", "migrationStage":"NotStarted", "server":"akswtt00600001j"}}
{"logTime": "0402/060304", "correlationVector":"3jiNJmZUsfp9ruTruyxLbh.2","action":"GetUpdates Response", "result":"Success", "context":Received 0 update(s). cV=3jiNJmZUsfp9ruTruyxLbh.0;server=akswtt00600001j;cloudType=Consumer;environment=Prod_eastus2_prod-s01-050-nam-eastus2;migrationStage=NotStarted}
{"logTime": "0402/060304", "correlationVector":"9X2NKBNIueKHpejZbrL653","action":"DoCompareDataConsistency requsted types: ", "result":"Bookmarks, Preferences, Passwords, Extensions, Extension settings, History Delete Directives, Send Tab To Self, Web Apps, History, Collection, Edge E Drop, Edge Tab Group, Edge Wallet, Encryption Keys"}
{"logTime": "0402/060304", "correlationVector":"9X2NKBNIueKHpejZbrL653.0","action":"CompareDataConsistency result: ", "result":"Compare result: Encryption Keys is consistent. local entities count is: 1 local entities hash is: tyfTbzmetU6Ypd9PnbRcTRsfodU="}
{"logTime": "0402/060304", "correlationVector":"9X2NKBNIueKHpejZbrL653.1","action":"CompareDataConsistency result: ", "result":"Compare result: Bookmarks is consistent. local entities count is: 2 local entities hash is: nnEeow+36hbqD7RTpvRx1o61sU0="}
{"logTime": "0402/060304", "correlationVector":"9X2NKBNIueKHpejZbrL653.2","action":"CompareDataConsistency result: ", "result":"Compare result: Preferences is consistent. local entities count is: 65 local entities hash is: DIW9CjrXwOUbzwAOhDkZwn6evvI="}
{"logTime": "0402/060304", "correlationVector":"9X2NKBNIueKHpejZbrL653.3","action":"CompareDataConsistency result: ", "result":"Compare result: Extensions is consistent. local entities count is: 0 local entities hash is: "}
{"logTime": "0402/060304", "correlationVector":"9X2NKBNIueKHpejZbrL653.4","action":"CompareDataConsistency result: ", "result":"Compare result: Extension settings is consistent. local entities count is: 0 local entities hash is: "}
{"logTime": "0402/060304", "correlationVector":"9X2NKBNIueKHpejZbrL653.5","action":"CompareDataConsistency result: ", "result":"Compare result: History Delete Directives is consistent. local entities count is: 0 local entities hash is: "}
{"logTime": "0402/060304", "correlationVector":"9X2NKBNIueKHpejZbrL653.6","action":"CompareDataConsistency result: ", "result":"Server did not send this Send Tab To Self local entities count is: 0 local entities hash is: "}
{"logTime": "0402/060304", "correlationVector":"9X2NKBNIueKHpejZbrL653.7","action":"CompareDataConsistency result: ", "result":"Compare result: Web Apps is consistent. local entities count is: 0 local entities hash is: "}
{"logTime": "0402/060304", "correlationVector":"9X2NKBNIueKHpejZbrL653.8","action":"CompareDataConsistency result: ", "result":"Server did not send this History local entities count is: 0 local entities hash is: "}
{"logTime": "0402/060304", "correlationVector":"9X2NKBNIueKHpejZbrL653.9","action":"CompareDataConsistency result: ", "result":"Compare result: Collection is consistent. local entities count is: 0 local entities hash is: "}
{"logTime": "0402/060304", "correlationVector":"9X2NKBNIueKHpejZbrL653.10","action":"CompareDataConsistency result: ", "result":"Compare result: Edge E Drop is consistent. local entities count is: 0 local entities hash is: "}
{"logTime": "0402/060304", "correlationVector":"9X2NKBNIueKHpejZbrL653.11","action":"CompareDataConsistency result: ", "result":"Compare result: Edge Tab Group is consistent. local entities count is: 0 local entities hash is: "}
{"logTime": "0402/060304", "correlationVector":"9X2NKBNIueKHpejZbrL653.12","action":"CompareDataConsistency result: ", "result":"Compare result: Edge Wallet is consistent. local entities count is: 0 local entities hash is: "}
{"logTime": "0402/060304", "correlationVector":"9X2NKBNIueKHpejZbrL653.13","action":"CompareDataConsistency result: ", "result":"Compare result: Passwords is consistent. local entities count is: 23 local entities hash is: 25eR45/ASngBtk/K8Nnc6uKwvwo="}
{"logTime": "0402/060304", "correlationVector":"5NNqniBaLZ3NlIRFAsZFTn","action":"Commit Request", "result":"", "context":Item count: 5
Contributing types: Sessions, Device Info, User Consents}
{"logTime": "0402/060305", "correlationVector":"5NNqniBaLZ3NlIRFAsZFTn.1","action":"SyncServerConnectionManagerRequest", "result":"SYNC_SERVER_OK", "context":{"environment":"Prod_eastus2_prod-s01-050-nam-eastus2", "migrationStage":"NotStarted", "server":"akswtt00600004v"}}
{"logTime": "0402/060305", "correlationVector":"5NNqniBaLZ3NlIRFAsZFTn.2","action":"Commit Response", "result":"Success", "context":Result: Success. cV=5NNqniBaLZ3NlIRFAsZFTn.0;server=akswtt00600004v;cloudType=Consumer;environment=Prod_eastus2_prod-s01-050-nam-eastus2;migrationStage=NotStarted}
{"logTime": "0402/060305", "correlationVector":"","action":"DIAGNOSTIC_REQUEST|v1/diagnosticData/Diagnostic.SendCheckResult()|SUCCESS", "result":""}
{"logTime": "0402/124755", "correlationVector":"gE23fngofPzi8WNdDRaKYo.1","action":"SyncServerConnectionManagerRequest", "result":"SYNC_SERVER_OK", "context":{"environment":"Prod_eastus2_prod-s01-050-nam-eastus2", "migrationStage":"NotStarted", "server":"akswtt00600001w"}}
{"logTime": "0402/124755", "correlationVector":"gE23fngofPzi8WNdDRaKYo.2","action":"ProcessGetUpdates", "result":"Done", "context":{"dataType":"Encryption Keys", "deleted":"0", "process_failed_to_decrypt":"0", "process_pending_decryption":"0", "process_success":"1", "total":"1"}}
{"logTime": "0402/124756", "correlationVector":"Y9IebpsvmnmtfxyUd28aUY","action":"SyncServerConnectionManagerRequest", "result":"SYNC_SERVER_OK", "context":{"environment":"", "migrationStage":"", "server":""}}
{"logTime": "0402/124756", "correlationVector":"Y9IebpsvmnmtfxyUd28aUY.0","action":"EncryptionKeysFetcher.DownloadKeys:", "result":"Success", "context":Key count: 10, Last key timestamp: 2024-12-22T16:36:25Z}
{"logTime": "0402/124756", "correlationVector":"Y9IebpsvmnmtfxyUd28aUY.1","action":"EncryptionKeysManager::SetEncryptionKeys:", "result":"Success", "context":Key names[10]:[9oAfYLrA16bfQFgL5biMESUVassqAm9qjY9PmzUCc2Lf7cuqa7ojlV93NKos+bc02Nd4Rin9QnaIQuoJprjX8Q==][1xctzJ8S9+UGNDSHkZQuFZCfMJhIJ2aNjQV0ffWbYarhOLOwxe+jiF3eXmGWuoBleEvJf4rRdz5Sp9TLKcs5Ew==][ahmZ83MANjNYoUuhSYrOtn1AHrZEVl0OFYAZz/8TYLK8vTF2mloFLXMl019W7pRoD/SteGHL3rDLw34M4vl78Q==][5MLaLLIQBKYq2mvERvNG502GQUI5+4jfZ0wcy3aLcrboTRSlszfEcz6UxkuR6JFOK5pCLgQ+LABlWPvFKIWuSA==][TSBX2sWU0XTed3EJaDw5rNyrNAq1p6JVsGHQZtxZrlvpXNnyBeTXt5e68ra+YrNfvd5hBH7blzXdwKbbf9fVvA==][eNSaXjzk0Cbf+83wSyi4npywAoQlwtSk0NwMG+LEQfeSsBpLjYNWB0UsCektjja64tVb/qbtTZF7Ftq7RbGOpg==][JerbReugnL5ScfqL0mDFi1WTZRFUbB9lqdrSICtxjFXbOlazmFjzUXGIG921kQ1mbbd4bertm+gNZhU/iAqeEg==][imeiJ6mfKopmTT5b3ohrzlB/OBGzRFx+IRhMnOeFfzSHhrtBGWTsdyKv+VtTcyFkuxrFduYCK1veO9Y0vncT5g==][1exzR1pnK6q4UgFqkFgf82D4YsBVo8yfQg2PN3QjvsGutfbZ5owFr7q6DeB0cYfYkLNlYrXevytK85wtPEpzEw==][3kqk9aOG53n3iwS98hBh+atTTz59k02Uqe+ahy80ioFRqp2OnOrcTYS4cENdEwHElRY8uSsSGhdGtd+8F/kzEw==]}
{"logTime": "0402/124756", "correlationVector":"Y9IebpsvmnmtfxyUd28aUY.2","action":"EncryptionKeysManager::SetEncryptionKeysWithTimestamps:", "result":"Success", "context":Key timestamps[10]:[2022-11-20T12:36:14Z][2022-12-25T23:32:59Z][2023-01-04T01:35:05Z][2023-07-07T23:09:30Z][2023-11-16T20:42:47Z][2024-01-10T15:36:46Z][2024-01-16T01:55:37Z][2024-01-22T02:42:43Z][2024-06-16T01:26:51Z][2024-12-22T16:36:25Z]}
{"logTime": "0402/124756", "correlationVector":"gE23fngofPzi8WNdDRaKYo","action":"Initial GetUpdates", "result":"", "context":Reason: NEW_CLIENT. cV=gE23fngofPzi8WNdDRaKYo}
{"logTime": "0402/124756", "correlationVector":"gE23fngofPzi8WNdDRaKYo.3","action":"GetUpdates Response", "result":"Success", "context":Received 1 update(s). cV=gE23fngofPzi8WNdDRaKYo.0;server=akswtt00600001w;cloudType=Consumer;environment=Prod_eastus2_prod-s01-050-nam-eastus2;migrationStage=NotStarted}
{"logTime": "0402/124756", "correlationVector":"W9IFnqiNzwZKC1nR54PSoW","action":"Initial GetUpdates", "result":"", "context":Reason: NEWLY_SUPPORTED_DATATYPE. cV=W9IFnqiNzwZKC1nR54PSoW}
{"logTime": "0402/124757", "correlationVector":"W9IFnqiNzwZKC1nR54PSoW.1","action":"SyncServerConnectionManagerRequest", "result":"SYNC_SERVER_OK", "context":{"environment":"Prod_eastus2_prod-s01-050-nam-eastus2", "migrationStage":"NotStarted", "server":"akswtt00600005j"}}
{"logTime": "0402/124757", "correlationVector":"W9IFnqiNzwZKC1nR54PSoW.2","action":"ProcessGetUpdates", "result":"Done", "context":{"dataType":"Passwords", "deleted":"0", "process_failed_to_decrypt":"0", "process_pending_decryption":"0", "process_success":"23", "total":"23"}}
{"logTime": "0402/124757", "correlationVector":"W9IFnqiNzwZKC1nR54PSoW.3","action":"GetUpdates Response", "result":"Success", "context":Received 23 update(s). cV=W9IFnqiNzwZKC1nR54PSoW.0;server=akswtt00600005j;cloudType=Consumer;environment=Prod_eastus2_prod-s01-050-nam-eastus2;migrationStage=NotStarted}
{"logTime": "0402/124757", "correlationVector":"VFxYuzUQ3aF9oOP4iswSpO","action":"Normal GetUpdate request", "result":"", "context":cV=VFxYuzUQ3aF9oOP4iswSpO
Nudged types: Sessions, History
Refresh requested types: Bookmarks, Preferences, Passwords, Autofill Profiles, Autofill, Extensions, Sessions, Extension settings, History Delete Directives, Device Info, User Consents, Send Tab To Self, Web Apps, History, Collection, Edge E Drop, Edge Hub App Usage, Edge Tab Group, Edge Wallet, Encryption Keys}
{"logTime": "0402/124757", "correlationVector":"VFxYuzUQ3aF9oOP4iswSpO.1","action":"SyncServerConnectionManagerRequest", "result":"SYNC_SERVER_OK", "context":{"environment":"Prod_eastus2_prod-s01-050-nam-eastus2", "migrationStage":"NotStarted", "server":"akswtt00600005n"}}
{"logTime": "0402/124757", "correlationVector":"VFxYuzUQ3aF9oOP4iswSpO.2","action":"ProcessGetUpdates", "result":"Done", "context":{"dataType":"Sessions", "deleted":"3", "process_failed_to_decrypt":"0", "process_pending_decryption":"0", "process_success":"7", "total":"7"}}
{"logTime": "0402/124757", "correlationVector":"VFxYuzUQ3aF9oOP4iswSpO.3","action":"ProcessGetUpdates", "result":"Done", "context":{"dataType":"Device Info", "deleted":"0", "process_failed_to_decrypt":"0", "process_pending_decryption":"0", "process_success":"1", "total":"1"}}
{"logTime": "0402/124757", "correlationVector":"VFxYuzUQ3aF9oOP4iswSpO.4","action":"ProcessGetUpdates", "result":"Done", "context":{"dataType":"History", "deleted":"0", "process_failed_to_decrypt":"0", "process_pending_decryption":"0", "process_success":"19", "total":"19"}}
{"logTime": "0402/124757", "correlationVector":"VFxYuzUQ3aF9oOP4iswSpO.5","action":"GetUpdates Response", "result":"Success", "context":Received 27 update(s). cV=VFxYuzUQ3aF9oOP4iswSpO.0;server=akswtt00600005n;cloudType=Consumer;environment=Prod_eastus2_prod-s01-050-nam-eastus2;migrationStage=NotStarted}
{"logTime": "0402/124757", "correlationVector":"J+vIyK5ASYCovi4S6oeVzS","action":"Commit Request", "result":"", "context":Item count: 8
Contributing types: Sessions, History}
{"logTime": "0402/124758", "correlationVector":"J+vIyK5ASYCovi4S6oeVzS.1","action":"SyncServerConnectionManagerRequest", "result":"SYNC_SERVER_OK", "context":{"environment":"Prod_eastus2_prod-s01-050-nam-eastus2", "migrationStage":"NotStarted", "server":"akswtt00600001n"}}
{"logTime": "0402/124758", "correlationVector":"J+vIyK5ASYCovi4S6oeVzS.2","action":"Commit Response", "result":"Success", "context":Result: Success. cV=J+vIyK5ASYCovi4S6oeVzS.0;server=akswtt00600001n;cloudType=Consumer;environment=Prod_eastus2_prod-s01-050-nam-eastus2;migrationStage=NotStarted}
{"logTime": "0402/124758", "correlationVector":"J+vIyK5ASYCovi4S6oeVzS.3","action":"Commit.Sessions", "result":"Success", "context":{"id":"757f0efd-f53b-41ab-a4ea-85809c311ded", "isDeleted":"true", "size":"0", "version":"1743573783490"}}
